
> tia-api@1.0.0 test
> NODE_ENV=test jest --setupFilesAfterEnv=./src/__tests__/setup.ts

  console.log
    Server is running on http://localhost:8000

      at Server.<anonymous> (src/index.ts:25:11)

  console.log
    Swagger docs available at http://localhost:8000/api-docs

      at Server.<anonymous> (src/index.ts:26:11)

  console.log
    Server is running on http://localhost:8000

      at Server.<anonymous> (src/index.ts:25:11)

  console.log
    Swagger docs available at http://localhost:8000/api-docs

      at Server.<anonymous> (src/index.ts:26:11)

  console.log
    Server is running on http://localhost:8000

      at Server.<anonymous> (src/index.ts:25:11)

  console.log
    Swagger docs available at http://localhost:8000/api-docs

      at Server.<anonymous> (src/index.ts:26:11)

